[0.129s] DEBUG:colcon:Command line arguments: ['/usr/bin/colcon', 'build', '--symlink-install']
[0.129s] DEBUG:colcon:Parsed command line arguments: Namespace(ament_cmake_args=None, base_paths='.', build_base='build', catkin_cmake_args=None, catkin_skip_building_tests=False, cmake_args=None, cmake_clean_cache=False, cmake_clean_first=False, cmake_force_configure=False, cmake_target=None, cmake_target_skip_unavailable=False, continue_on_error=False, event_handlers=None, executor='parallel', ignore_user_meta=False, install_base='install', log_base='log', log_level=None, main=<bound method BuildVerb.main of <colcon_core.verb.build.BuildVerb object at 0x7f4d45f0d0f0>>, merge_install=False, metas='./colcon.meta', packages_above=None, packages_above_depth=None, packages_end=None, packages_ignore=None, packages_ignore_regex=None, packages_select=None, packages_select_build_failed=False, packages_select_by_dep=None, packages_select_regex=None, packages_select_test_failures=False, packages_skip=None, packages_skip_build_finished=False, packages_skip_by_dep=None, packages_skip_regex=None, packages_skip_test_passed=False, packages_skip_up_to=None, packages_start=None, packages_up_to=None, parallel_workers=6, paths=None, symlink_install=True, test_result_base=None, verb_extension=<colcon_core.verb.build.BuildVerb object at 0x7f4d45f0d0f0>, verb_name='build', verb_parser=<colcon_defaults.argument_parser.defaults.DefaultArgumentsDecorator object at 0x7f4d45f0d438>)
[0.161s] Level 1:colcon.colcon_core.package_discovery:discover_packages(colcon_meta) check parameters
[0.161s] Level 1:colcon.colcon_core.package_discovery:discover_packages(recursive) check parameters
[0.161s] Level 1:colcon.colcon_core.package_discovery:discover_packages(ignore) check parameters
[0.161s] Level 1:colcon.colcon_core.package_discovery:discover_packages(path) check parameters
[0.162s] Level 1:colcon.colcon_core.package_discovery:discover_packages(recursive) discover
[0.162s] INFO:colcon.colcon_core.package_discovery:Crawling recursively for packages in '/home/francesco/ros2_ws/src/bdi_ros2'
[0.162s] Level 1:colcon.colcon_core.package_identification:_identify(/home/francesco/ros2_ws/src/bdi_ros2) by extensions ['ignore', 'ignore_ament_install']
[0.162s] Level 1:colcon.colcon_core.package_identification:_identify(/home/francesco/ros2_ws/src/bdi_ros2) by extension 'ignore'
[0.162s] Level 1:colcon.colcon_core.package_identification:_identify(/home/francesco/ros2_ws/src/bdi_ros2) by extension 'ignore_ament_install'
[0.162s] Level 1:colcon.colcon_core.package_identification:_identify(/home/francesco/ros2_ws/src/bdi_ros2) by extensions ['colcon_pkg']
[0.162s] Level 1:colcon.colcon_core.package_identification:_identify(/home/francesco/ros2_ws/src/bdi_ros2) by extension 'colcon_pkg'
[0.162s] Level 1:colcon.colcon_core.package_identification:_identify(/home/francesco/ros2_ws/src/bdi_ros2) by extensions ['colcon_meta']
[0.162s] Level 1:colcon.colcon_core.package_identification:_identify(/home/francesco/ros2_ws/src/bdi_ros2) by extension 'colcon_meta'
[0.162s] Level 1:colcon.colcon_core.package_identification:_identify(/home/francesco/ros2_ws/src/bdi_ros2) by extensions ['ros']
[0.162s] Level 1:colcon.colcon_core.package_identification:_identify(/home/francesco/ros2_ws/src/bdi_ros2) by extension 'ros'
[0.175s] DEBUG:colcon.colcon_core.package_identification:Package '/home/francesco/ros2_ws/src/bdi_ros2' with type 'ros.ament_cmake' and name 'bdi_ros2'
[0.175s] Level 1:colcon.colcon_core.package_discovery:discover_packages(recursive) using defaults
[0.178s] Level 5:colcon.colcon_core.verb:set package 'bdi_ros2' build argument 'cmake_args' from command line to 'None'
[0.179s] Level 5:colcon.colcon_core.verb:set package 'bdi_ros2' build argument 'cmake_target' from command line to 'None'
[0.179s] Level 5:colcon.colcon_core.verb:set package 'bdi_ros2' build argument 'cmake_target_skip_unavailable' from command line to 'False'
[0.179s] Level 5:colcon.colcon_core.verb:set package 'bdi_ros2' build argument 'cmake_clean_cache' from command line to 'False'
[0.179s] Level 5:colcon.colcon_core.verb:set package 'bdi_ros2' build argument 'cmake_clean_first' from command line to 'False'
[0.179s] Level 5:colcon.colcon_core.verb:set package 'bdi_ros2' build argument 'cmake_force_configure' from command line to 'False'
[0.179s] Level 5:colcon.colcon_core.verb:set package 'bdi_ros2' build argument 'ament_cmake_args' from command line to 'None'
[0.179s] Level 5:colcon.colcon_core.verb:set package 'bdi_ros2' build argument 'catkin_cmake_args' from command line to 'None'
[0.179s] Level 5:colcon.colcon_core.verb:set package 'bdi_ros2' build argument 'catkin_skip_building_tests' from command line to 'False'
[0.179s] DEBUG:colcon.colcon_core.verb:Building package 'bdi_ros2' with the following arguments: {'ament_cmake_args': None, 'build_base': '/home/francesco/ros2_ws/src/bdi_ros2/build/bdi_ros2', 'catkin_cmake_args': None, 'catkin_skip_building_tests': False, 'cmake_args': None, 'cmake_clean_cache': False, 'cmake_clean_first': False, 'cmake_force_configure': False, 'cmake_target': None, 'cmake_target_skip_unavailable': False, 'install_base': '/home/francesco/ros2_ws/src/bdi_ros2/install/bdi_ros2', 'merge_install': False, 'path': '/home/francesco/ros2_ws/src/bdi_ros2', 'symlink_install': True, 'test_result_base': None}
[0.180s] INFO:colcon.colcon_core.executor:Executing jobs using 'parallel' executor
[0.180s] DEBUG:colcon.colcon_parallel_executor.executor.parallel:run_until_complete
[0.180s] INFO:colcon.colcon_ros.task.ament_cmake.build:Building ROS package in '/home/francesco/ros2_ws/src/bdi_ros2' with build type 'ament_cmake'
[0.184s] INFO:colcon.colcon_core.plugin_system:Skipping extension 'colcon_core.shell.bat': Not used on non-Windows systems
[0.185s] INFO:colcon.colcon_cmake.task.cmake.build:Building CMake package in '/home/francesco/ros2_ws/src/bdi_ros2'
[0.185s] INFO:colcon.colcon_core.shell:Skip shell extension 'powershell' for command environment: Not usable outside of PowerShell
[0.187s] DEBUG:colcon.colcon_core.shell:Ignoring prefix path '/opt/ros/crystal'
[0.187s] DEBUG:colcon.colcon_core.shell:Ignoring prefix path '/opt/ros/crystal'
[0.194s] DEBUG:colcon.colcon_core.event_handler.log_command:Invoking command in '/home/francesco/ros2_ws/src/bdi_ros2/build/bdi_ros2': CMAKE_PREFIX_PATH=/opt/ros/crystal /usr/bin/cmake /home/francesco/ros2_ws/src/bdi_ros2 -DAMENT_CMAKE_SYMLINK_INSTALL=1 -DCMAKE_INSTALL_PREFIX=/home/francesco/ros2_ws/src/bdi_ros2/install/bdi_ros2
[2.296s] DEBUG:colcon.colcon_core.event_handler.log_command:Invoked command in '/home/francesco/ros2_ws/src/bdi_ros2/build/bdi_ros2' returned '0': CMAKE_PREFIX_PATH=/opt/ros/crystal /usr/bin/cmake /home/francesco/ros2_ws/src/bdi_ros2 -DAMENT_CMAKE_SYMLINK_INSTALL=1 -DCMAKE_INSTALL_PREFIX=/home/francesco/ros2_ws/src/bdi_ros2/install/bdi_ros2
[2.298s] DEBUG:colcon.colcon_core.event_handler.log_command:Invoking command in '/home/francesco/ros2_ws/src/bdi_ros2/build/bdi_ros2': CMAKE_PREFIX_PATH=/opt/ros/crystal /usr/bin/cmake --build /home/francesco/ros2_ws/src/bdi_ros2/build/bdi_ros2 -- -j6 -l6
[5.618s] DEBUG:colcon.colcon_core.event_handler.log_command:Invoked command in '/home/francesco/ros2_ws/src/bdi_ros2/build/bdi_ros2' returned '0': CMAKE_PREFIX_PATH=/opt/ros/crystal /usr/bin/cmake --build /home/francesco/ros2_ws/src/bdi_ros2/build/bdi_ros2 -- -j6 -l6
[5.669s] DEBUG:colcon.colcon_core.event_handler.log_command:Invoking command in '/home/francesco/ros2_ws/src/bdi_ros2/build/bdi_ros2': CMAKE_PREFIX_PATH=/opt/ros/crystal /usr/bin/cmake --build /home/francesco/ros2_ws/src/bdi_ros2/build/bdi_ros2 --target install
[6.626s] Level 1:colcon.colcon_core.environment:create_environment_scripts_only(bdi_ros2)
[6.626s] DEBUG:colcon.colcon_core.event_handler.log_command:Invoked command in '/home/francesco/ros2_ws/src/bdi_ros2/build/bdi_ros2' returned '0': CMAKE_PREFIX_PATH=/opt/ros/crystal /usr/bin/cmake --build /home/francesco/ros2_ws/src/bdi_ros2/build/bdi_ros2 --target install
[6.642s] Level 1:colcon.colcon_core.environment:checking '/home/francesco/ros2_ws/src/bdi_ros2/install/bdi_ros2' for CMake module files
[6.644s] Level 1:colcon.colcon_core.environment:checking '/home/francesco/ros2_ws/src/bdi_ros2/install/bdi_ros2' for CMake config files
[6.645s] Level 1:colcon.colcon_core.shell:create_environment_hook('bdi_ros2', 'cmake_prefix_path')
[6.646s] INFO:colcon.colcon_core.shell:Creating environment hook '/home/francesco/ros2_ws/src/bdi_ros2/install/bdi_ros2/share/bdi_ros2/hook/cmake_prefix_path.ps1'
[6.648s] INFO:colcon.colcon_core.shell:Creating environment hook '/home/francesco/ros2_ws/src/bdi_ros2/install/bdi_ros2/share/bdi_ros2/hook/cmake_prefix_path.sh'
[6.652s] Level 1:colcon.colcon_core.environment:checking '/home/francesco/ros2_ws/src/bdi_ros2/install/bdi_ros2/lib'
[6.652s] Level 1:colcon.colcon_core.shell:create_environment_hook('bdi_ros2', 'ld_library_path_lib')
[6.654s] INFO:colcon.colcon_core.shell:Creating environment hook '/home/francesco/ros2_ws/src/bdi_ros2/install/bdi_ros2/share/bdi_ros2/hook/ld_library_path_lib.ps1'
[6.655s] INFO:colcon.colcon_core.shell:Creating environment hook '/home/francesco/ros2_ws/src/bdi_ros2/install/bdi_ros2/share/bdi_ros2/hook/ld_library_path_lib.sh'
[6.656s] Level 1:colcon.colcon_core.environment:checking '/home/francesco/ros2_ws/src/bdi_ros2/install/bdi_ros2/bin'
[6.656s] Level 1:colcon.colcon_core.environment:checking '/home/francesco/ros2_ws/src/bdi_ros2/install/bdi_ros2/lib/pkgconfig/bdi_ros2.pc'
[6.656s] Level 1:colcon.colcon_core.environment:checking '/home/francesco/ros2_ws/src/bdi_ros2/install/bdi_ros2/lib/python3.6/site-packages'
[6.657s] Level 1:colcon.colcon_core.shell:create_environment_hook('bdi_ros2', 'pythonpath')
[6.658s] INFO:colcon.colcon_core.shell:Creating environment hook '/home/francesco/ros2_ws/src/bdi_ros2/install/bdi_ros2/share/bdi_ros2/hook/pythonpath.ps1'
[6.659s] INFO:colcon.colcon_core.shell:Creating environment hook '/home/francesco/ros2_ws/src/bdi_ros2/install/bdi_ros2/share/bdi_ros2/hook/pythonpath.sh'
[6.661s] INFO:colcon.colcon_core.shell:Creating package script '/home/francesco/ros2_ws/src/bdi_ros2/install/bdi_ros2/share/bdi_ros2/package.ps1'
[6.664s] INFO:colcon.colcon_core.shell:Creating package script '/home/francesco/ros2_ws/src/bdi_ros2/install/bdi_ros2/share/bdi_ros2/package.sh'
[6.666s] INFO:colcon.colcon_core.shell:Creating package script '/home/francesco/ros2_ws/src/bdi_ros2/install/bdi_ros2/share/bdi_ros2/package.bash'
[6.668s] INFO:colcon.colcon_core.shell:Creating package script '/home/francesco/ros2_ws/src/bdi_ros2/install/bdi_ros2/share/bdi_ros2/package.zsh'
[6.670s] Level 1:colcon.colcon_core.environment:create_file_with_runtime_dependencies(/home/francesco/ros2_ws/src/bdi_ros2/install/bdi_ros2/share/colcon-core/packages/bdi_ros2)
[6.671s] DEBUG:colcon.colcon_parallel_executor.executor.parallel:closing loop
[6.671s] DEBUG:colcon.colcon_parallel_executor.executor.parallel:loop closed
[6.671s] DEBUG:colcon.colcon_parallel_executor.executor.parallel:run_until_complete finished with '0'
[6.672s] DEBUG:colcon.colcon_core.event_reactor:joining thread
[6.681s] INFO:colcon.colcon_core.plugin_system:Skipping extension 'colcon_notification.desktop_notification.terminal_notifier': Not used on non-Darwin systems
[6.682s] INFO:colcon.colcon_core.plugin_system:Skipping extension 'colcon_notification.desktop_notification.win32': Not used on non-Windows systems
[6.682s] INFO:colcon.colcon_notification.desktop_notification:Sending desktop notification using 'notify2'
[6.685s] DEBUG:colcon.colcon_core.event_reactor:joined thread
[6.686s] INFO:colcon.colcon_core.shell:Creating prefix script '/home/francesco/ros2_ws/src/bdi_ros2/install/local_setup.ps1'
[6.689s] INFO:colcon.colcon_core.shell:Creating prefix chain script '/home/francesco/ros2_ws/src/bdi_ros2/install/setup.ps1'
[6.690s] INFO:colcon.colcon_core.shell:Creating prefix script '/home/francesco/ros2_ws/src/bdi_ros2/install/local_setup.sh'
[6.691s] INFO:colcon.colcon_core.shell:Creating prefix chain script '/home/francesco/ros2_ws/src/bdi_ros2/install/setup.sh'
[6.693s] INFO:colcon.colcon_core.shell:Creating prefix script '/home/francesco/ros2_ws/src/bdi_ros2/install/local_setup.bash'
[6.693s] INFO:colcon.colcon_core.shell:Creating prefix chain script '/home/francesco/ros2_ws/src/bdi_ros2/install/setup.bash'
[6.696s] INFO:colcon.colcon_core.shell:Creating prefix script '/home/francesco/ros2_ws/src/bdi_ros2/install/local_setup.zsh'
[6.696s] INFO:colcon.colcon_core.shell:Creating prefix chain script '/home/francesco/ros2_ws/src/bdi_ros2/install/setup.zsh'
